11:07:18 INFO  : Registering command handlers for SDK TCF services
11:07:18 INFO  : Launching XSCT server: xsct.bat -interactive F:\SuperMario\fpga\sp_mcu\sp_mcu.sdk\temp_xsdb_launch_script.tcl
11:07:20 INFO  : XSCT server has started successfully.
11:07:22 INFO  : Successfully done setting XSCT server connection channel  
11:07:22 INFO  : Processing command line option -hwspec F:/SuperMario/fpga/sp_mcu/sp_mcu.sdk/bd_sys_wrapper.hdf.
11:07:22 INFO  : Successfully done setting SDK workspace  
11:08:11 INFO  : 'targets -set -filter {jtag_cable_name =~ "Digilent JTAG-SMT2NC 210308AAF98A" && level==0} -index 0' command is executed.
11:08:11 INFO  : 'fpga -state' command is executed.
11:08:11 INFO  : Connected to target on host '127.0.0.1' and port '3121'.
11:08:11 INFO  : Jtag cable 'Digilent JTAG-SMT2NC 210308AAF98A' is selected.
11:08:11 INFO  : 'jtag frequency' command is executed.
11:08:11 INFO  : 'configparams mdm-detect-bscan-mask 2' command is executed.
11:08:11 INFO  : Context for processor 'microblaze_0' is selected.
11:08:11 INFO  : Processor reset is completed for 'microblaze_0'.
11:08:11 INFO  : Context for processor 'microblaze_0' is selected.
11:08:11 INFO  : The application 'F:/SuperMario/fpga/sp_mcu/sp_mcu.sdk/sp_mcu/Debug/sp_mcu.elf' is downloaded to processor 'microblaze_0'.
11:08:11 INFO  : ----------------XSDB Script----------------
connect -url tcp:127.0.0.1:3121
configparams mdm-detect-bscan-mask 2
targets -set -nocase -filter {name =~ "microblaze*#0" && bscan=="USER2"  && jtag_cable_name =~ "Digilent JTAG-SMT2NC 210308AAF98A"} -index 0
rst -processor
targets -set -nocase -filter {name =~ "microblaze*#0" && bscan=="USER2"  && jtag_cable_name =~ "Digilent JTAG-SMT2NC 210308AAF98A"} -index 0
dow F:/SuperMario/fpga/sp_mcu/sp_mcu.sdk/sp_mcu/Debug/sp_mcu.elf
----------------End of Script----------------

11:08:11 INFO  : Memory regions updated for context PA
11:08:11 INFO  : Memory regions updated for context MicroBlaze Debug Module at USER2
11:08:11 INFO  : Context for processor 'microblaze_0' is selected.
11:08:11 INFO  : 'con' command is executed.
11:08:11 INFO  : ----------------XSDB Script (After Launch)----------------
targets -set -nocase -filter {name =~ "microblaze*#0" && bscan=="USER2"  && jtag_cable_name =~ "Digilent JTAG-SMT2NC 210308AAF98A"} -index 0
con
----------------End of Script----------------

11:08:11 INFO  : Launch script is exported to file 'F:\SuperMario\fpga\sp_mcu\sp_mcu.sdk\.sdk\launch_scripts\xilinx_c-c++_application_(system_debugger)\system_debugger_using_debug_sp_mcu.elf_on_local.tcl'
11:40:54 INFO  : SDK has detected change in the last modified timestamps for source hardware specification file Source:1614512297248,  Project:1614510393110
11:40:54 INFO  : Project bd_sys_wrapper_hw_platform_0's source hardware specification located at F:/SuperMario/fpga/sp_mcu/sp_mcu.sdk/bd_sys_wrapper.hdf is now different from the local copy.
		 The local copy will be replaced with the source specification and your workspace will be updated.
11:40:59 INFO  : Copied contents of F:/SuperMario/fpga/sp_mcu/sp_mcu.sdk/bd_sys_wrapper.hdf into \bd_sys_wrapper_hw_platform_0\system.hdf.
11:40:59 INFO  : Synchronizing projects in the workspace with the hardware platform specification changes.
11:41:01 INFO  : 
11:41:02 INFO  : Updating hardware inferred compiler options for sp_mcu.
11:41:02 INFO  : Clearing existing target manager status.
11:41:02 INFO  : Closing and re-opening the MSS file of ther project sp_mcu_bsp
11:41:03 INFO  : Workspace synchronized with the new hardware specification file. Cleaning dependent projects...
11:41:03 WARN  : Linker script will not be updated automatically. Users need to update it manually.
11:43:07 INFO  : Disconnected from the channel tcfchan#1.
11:43:08 INFO  : 'targets -set -filter {jtag_cable_name =~ "Digilent JTAG-SMT2NC 210308AAF98A" && level==0} -index 0' command is executed.
11:43:08 INFO  : 'fpga -state' command is executed.
11:43:08 INFO  : Connected to target on host '127.0.0.1' and port '3121'.
11:43:08 INFO  : Jtag cable 'Digilent JTAG-SMT2NC 210308AAF98A' is selected.
11:43:08 INFO  : 'jtag frequency' command is executed.
11:43:08 INFO  : 'configparams mdm-detect-bscan-mask 2' command is executed.
11:43:08 INFO  : Context for processor 'microblaze_0' is selected.
11:43:08 INFO  : Processor reset is completed for 'microblaze_0'.
11:43:08 INFO  : Context for processor 'microblaze_0' is selected.
11:43:08 INFO  : The application 'F:/SuperMario/fpga/sp_mcu/sp_mcu.sdk/sp_mcu/Debug/sp_mcu.elf' is downloaded to processor 'microblaze_0'.
11:43:08 INFO  : ----------------XSDB Script----------------
connect -url tcp:127.0.0.1:3121
configparams mdm-detect-bscan-mask 2
targets -set -nocase -filter {name =~ "microblaze*#0" && bscan=="USER2"  && jtag_cable_name =~ "Digilent JTAG-SMT2NC 210308AAF98A"} -index 0
rst -processor
targets -set -nocase -filter {name =~ "microblaze*#0" && bscan=="USER2"  && jtag_cable_name =~ "Digilent JTAG-SMT2NC 210308AAF98A"} -index 0
dow F:/SuperMario/fpga/sp_mcu/sp_mcu.sdk/sp_mcu/Debug/sp_mcu.elf
----------------End of Script----------------

11:43:08 INFO  : Memory regions updated for context PA
11:43:08 INFO  : Memory regions updated for context MicroBlaze Debug Module at USER2
11:43:08 INFO  : Context for processor 'microblaze_0' is selected.
11:43:08 INFO  : 'con' command is executed.
11:43:08 INFO  : ----------------XSDB Script (After Launch)----------------
targets -set -nocase -filter {name =~ "microblaze*#0" && bscan=="USER2"  && jtag_cable_name =~ "Digilent JTAG-SMT2NC 210308AAF98A"} -index 0
con
----------------End of Script----------------

11:43:08 INFO  : Launch script is exported to file 'F:\SuperMario\fpga\sp_mcu\sp_mcu.sdk\.sdk\launch_scripts\xilinx_c-c++_application_(system_debugger)\system_debugger_using_debug_sp_mcu.elf_on_local.tcl'
12:11:41 INFO  : SDK has detected change in the last modified timestamps for source hardware specification file Source:1614513764460,  Project:1614512297248
12:11:41 INFO  : Project bd_sys_wrapper_hw_platform_0's source hardware specification located at F:/SuperMario/fpga/sp_mcu/sp_mcu.sdk/bd_sys_wrapper.hdf is now different from the local copy.
		 The local copy will be replaced with the source specification and your workspace will be updated.
12:11:45 INFO  : Copied contents of F:/SuperMario/fpga/sp_mcu/sp_mcu.sdk/bd_sys_wrapper.hdf into \bd_sys_wrapper_hw_platform_0\system.hdf.
12:11:46 INFO  : Synchronizing projects in the workspace with the hardware platform specification changes.
12:11:48 INFO  : 
12:11:49 INFO  : Updating hardware inferred compiler options for sp_mcu.
12:11:49 INFO  : Clearing existing target manager status.
12:11:49 INFO  : Closing and re-opening the MSS file of ther project sp_mcu_bsp
12:11:49 INFO  : Workspace synchronized with the new hardware specification file. Cleaning dependent projects...
12:11:49 WARN  : Linker script will not be updated automatically. Users need to update it manually.
12:12:32 INFO  : Disconnected from the channel tcfchan#2.
12:12:33 INFO  : 'targets -set -filter {jtag_cable_name =~ "Digilent JTAG-SMT2NC 210308AAF98A" && level==0} -index 0' command is executed.
12:12:33 INFO  : 'fpga -state' command is executed.
12:12:33 INFO  : Connected to target on host '127.0.0.1' and port '3121'.
12:12:33 INFO  : Jtag cable 'Digilent JTAG-SMT2NC 210308AAF98A' is selected.
12:12:33 INFO  : 'jtag frequency' command is executed.
12:12:33 INFO  : 'configparams mdm-detect-bscan-mask 2' command is executed.
12:12:33 INFO  : Context for processor 'microblaze_0' is selected.
12:12:33 INFO  : Processor reset is completed for 'microblaze_0'.
12:12:33 INFO  : Context for processor 'microblaze_0' is selected.
12:12:33 INFO  : The application 'F:/SuperMario/fpga/sp_mcu/sp_mcu.sdk/sp_mcu/Debug/sp_mcu.elf' is downloaded to processor 'microblaze_0'.
12:12:33 INFO  : ----------------XSDB Script----------------
connect -url tcp:127.0.0.1:3121
configparams mdm-detect-bscan-mask 2
targets -set -nocase -filter {name =~ "microblaze*#0" && bscan=="USER2"  && jtag_cable_name =~ "Digilent JTAG-SMT2NC 210308AAF98A"} -index 0
rst -processor
targets -set -nocase -filter {name =~ "microblaze*#0" && bscan=="USER2"  && jtag_cable_name =~ "Digilent JTAG-SMT2NC 210308AAF98A"} -index 0
dow F:/SuperMario/fpga/sp_mcu/sp_mcu.sdk/sp_mcu/Debug/sp_mcu.elf
----------------End of Script----------------

12:12:33 INFO  : Memory regions updated for context PA
12:12:33 INFO  : Memory regions updated for context MicroBlaze Debug Module at USER2
12:12:33 INFO  : Context for processor 'microblaze_0' is selected.
12:12:33 INFO  : 'con' command is executed.
12:12:33 INFO  : ----------------XSDB Script (After Launch)----------------
targets -set -nocase -filter {name =~ "microblaze*#0" && bscan=="USER2"  && jtag_cable_name =~ "Digilent JTAG-SMT2NC 210308AAF98A"} -index 0
con
----------------End of Script----------------

12:12:34 INFO  : Launch script is exported to file 'F:\SuperMario\fpga\sp_mcu\sp_mcu.sdk\.sdk\launch_scripts\xilinx_c-c++_application_(system_debugger)\system_debugger_using_debug_sp_mcu.elf_on_local.tcl'
12:13:03 INFO  : Disconnected from the channel tcfchan#3.
12:13:04 INFO  : 'targets -set -filter {jtag_cable_name =~ "Digilent JTAG-SMT2NC 210308AAF98A" && level==0} -index 0' command is executed.
12:13:04 INFO  : 'fpga -state' command is executed.
12:13:04 INFO  : Connected to target on host '127.0.0.1' and port '3121'.
12:13:04 INFO  : Jtag cable 'Digilent JTAG-SMT2NC 210308AAF98A' is selected.
12:13:04 INFO  : 'jtag frequency' command is executed.
12:13:04 INFO  : 'configparams mdm-detect-bscan-mask 2' command is executed.
12:13:05 INFO  : Context for processor 'microblaze_0' is selected.
12:13:05 INFO  : Processor reset is completed for 'microblaze_0'.
12:13:05 INFO  : Context for processor 'microblaze_0' is selected.
12:13:05 INFO  : The application 'F:/SuperMario/fpga/sp_mcu/sp_mcu.sdk/sp_mcu/Debug/sp_mcu.elf' is downloaded to processor 'microblaze_0'.
12:13:05 INFO  : ----------------XSDB Script----------------
connect -url tcp:127.0.0.1:3121
configparams mdm-detect-bscan-mask 2
targets -set -nocase -filter {name =~ "microblaze*#0" && bscan=="USER2"  && jtag_cable_name =~ "Digilent JTAG-SMT2NC 210308AAF98A"} -index 0
rst -processor
targets -set -nocase -filter {name =~ "microblaze*#0" && bscan=="USER2"  && jtag_cable_name =~ "Digilent JTAG-SMT2NC 210308AAF98A"} -index 0
dow F:/SuperMario/fpga/sp_mcu/sp_mcu.sdk/sp_mcu/Debug/sp_mcu.elf
----------------End of Script----------------

12:13:05 INFO  : Memory regions updated for context PA
12:13:05 INFO  : Memory regions updated for context MicroBlaze Debug Module at USER2
12:13:05 INFO  : Context for processor 'microblaze_0' is selected.
12:13:05 INFO  : 'con' command is executed.
12:13:05 INFO  : ----------------XSDB Script (After Launch)----------------
targets -set -nocase -filter {name =~ "microblaze*#0" && bscan=="USER2"  && jtag_cable_name =~ "Digilent JTAG-SMT2NC 210308AAF98A"} -index 0
con
----------------End of Script----------------

12:13:05 INFO  : Launch script is exported to file 'F:\SuperMario\fpga\sp_mcu\sp_mcu.sdk\.sdk\launch_scripts\xilinx_c-c++_application_(system_debugger)\system_debugger_using_debug_sp_mcu.elf_on_local.tcl'
12:13:19 INFO  : Disconnected from the channel tcfchan#4.
12:13:20 INFO  : 'targets -set -filter {jtag_cable_name =~ "Digilent JTAG-SMT2NC 210308AAF98A" && level==0} -index 0' command is executed.
12:13:20 INFO  : 'fpga -state' command is executed.
12:13:20 INFO  : Connected to target on host '127.0.0.1' and port '3121'.
12:13:20 INFO  : Jtag cable 'Digilent JTAG-SMT2NC 210308AAF98A' is selected.
12:13:20 INFO  : 'jtag frequency' command is executed.
12:13:20 INFO  : 'configparams mdm-detect-bscan-mask 2' command is executed.
12:13:21 INFO  : Context for processor 'microblaze_0' is selected.
12:13:21 INFO  : Processor reset is completed for 'microblaze_0'.
12:13:21 INFO  : Context for processor 'microblaze_0' is selected.
12:13:21 INFO  : The application 'F:/SuperMario/fpga/sp_mcu/sp_mcu.sdk/sp_mcu/Debug/sp_mcu.elf' is downloaded to processor 'microblaze_0'.
12:13:21 INFO  : ----------------XSDB Script----------------
connect -url tcp:127.0.0.1:3121
configparams mdm-detect-bscan-mask 2
targets -set -nocase -filter {name =~ "microblaze*#0" && bscan=="USER2"  && jtag_cable_name =~ "Digilent JTAG-SMT2NC 210308AAF98A"} -index 0
rst -processor
targets -set -nocase -filter {name =~ "microblaze*#0" && bscan=="USER2"  && jtag_cable_name =~ "Digilent JTAG-SMT2NC 210308AAF98A"} -index 0
dow F:/SuperMario/fpga/sp_mcu/sp_mcu.sdk/sp_mcu/Debug/sp_mcu.elf
----------------End of Script----------------

12:13:21 INFO  : Memory regions updated for context PA
12:13:21 INFO  : Memory regions updated for context MicroBlaze Debug Module at USER2
12:13:21 INFO  : Context for processor 'microblaze_0' is selected.
12:13:21 INFO  : 'con' command is executed.
12:13:21 INFO  : ----------------XSDB Script (After Launch)----------------
targets -set -nocase -filter {name =~ "microblaze*#0" && bscan=="USER2"  && jtag_cable_name =~ "Digilent JTAG-SMT2NC 210308AAF98A"} -index 0
con
----------------End of Script----------------

12:13:21 INFO  : Launch script is exported to file 'F:\SuperMario\fpga\sp_mcu\sp_mcu.sdk\.sdk\launch_scripts\xilinx_c-c++_application_(system_debugger)\system_debugger_using_debug_sp_mcu.elf_on_local.tcl'
11:47:32 INFO  : Registering command handlers for SDK TCF services
11:47:33 INFO  : Launching XSCT server: xsct.bat -interactive F:\SuperMario\fpga\sp_mcu\sp_mcu.sdk\temp_xsdb_launch_script.tcl
11:47:35 INFO  : XSCT server has started successfully.
11:47:35 INFO  : Successfully done setting XSCT server connection channel  
11:47:37 INFO  : Processing command line option -hwspec F:/SuperMario/fpga/sp_mcu/sp_mcu.sdk/bd_sys_wrapper.hdf.
11:47:37 INFO  : Successfully done setting SDK workspace  
11:47:39 INFO  : Checking for hwspec changes in the project bd_sys_wrapper_hw_platform_0.
11:47:39 INFO  : SDK has detected change in the last modified timestamps for source hardware specification file Source:1614599083106,  Project:1614513764460
11:47:39 INFO  : The hardware specification for project 'bd_sys_wrapper_hw_platform_0' is different from F:/SuperMario/fpga/sp_mcu/sp_mcu.sdk/bd_sys_wrapper.hdf.
11:47:39 INFO  : Copied contents of F:/SuperMario/fpga/sp_mcu/sp_mcu.sdk/bd_sys_wrapper.hdf into \bd_sys_wrapper_hw_platform_0\system.hdf.
11:47:40 INFO  : Synchronizing projects in the workspace with the hardware platform specification changes.
11:47:43 INFO  : 
11:47:49 INFO  : Updating hardware inferred compiler options for sp_mcu.
11:47:49 INFO  : Clearing existing target manager status.
11:47:52 INFO  : 'targets -set -filter {jtag_cable_name =~ "Digilent JTAG-SMT2NC 210308AAF98A" && level==0} -index 0' command is executed.
11:47:52 INFO  : 'fpga -state' command is executed.
11:47:52 INFO  : Connected to target on host '127.0.0.1' and port '3121'.
11:47:53 INFO  : Jtag cable 'Digilent JTAG-SMT2NC 210308AAF98A' is selected.
11:47:53 INFO  : 'jtag frequency' command is executed.
11:47:53 INFO  : 'configparams mdm-detect-bscan-mask 2' command is executed.
11:47:53 INFO  : Context for processor 'microblaze_0' is selected.
11:47:53 INFO  : Processor reset is completed for 'microblaze_0'.
11:47:53 INFO  : Context for processor 'microblaze_0' is selected.
11:47:53 INFO  : The application 'F:/SuperMario/fpga/sp_mcu/sp_mcu.sdk/sp_mcu/Debug/sp_mcu.elf' is downloaded to processor 'microblaze_0'.
11:47:53 INFO  : ----------------XSDB Script----------------
connect -url tcp:127.0.0.1:3121
configparams mdm-detect-bscan-mask 2
targets -set -nocase -filter {name =~ "microblaze*#0" && bscan=="USER2"  && jtag_cable_name =~ "Digilent JTAG-SMT2NC 210308AAF98A"} -index 0
rst -processor
targets -set -nocase -filter {name =~ "microblaze*#0" && bscan=="USER2"  && jtag_cable_name =~ "Digilent JTAG-SMT2NC 210308AAF98A"} -index 0
dow F:/SuperMario/fpga/sp_mcu/sp_mcu.sdk/sp_mcu/Debug/sp_mcu.elf
----------------End of Script----------------

11:47:53 INFO  : Memory regions updated for context PA
11:47:53 INFO  : Memory regions updated for context MicroBlaze Debug Module at USER2
11:47:53 INFO  : Context for processor 'microblaze_0' is selected.
11:47:53 INFO  : 'con' command is executed.
11:47:53 INFO  : ----------------XSDB Script (After Launch)----------------
targets -set -nocase -filter {name =~ "microblaze*#0" && bscan=="USER2"  && jtag_cable_name =~ "Digilent JTAG-SMT2NC 210308AAF98A"} -index 0
con
----------------End of Script----------------

11:47:53 INFO  : Launch script is exported to file 'F:\SuperMario\fpga\sp_mcu\sp_mcu.sdk\.sdk\launch_scripts\xilinx_c-c++_application_(system_debugger)\system_debugger_using_debug_sp_mcu.elf_on_local.tcl'
11:53:44 INFO  : Disconnected from the channel tcfchan#1.
