#-----------------------------------------------------------
# Vivado v2018.3 (64-bit)
# SW Build 2405991 on Thu Dec  6 23:38:27 MST 2018
# IP Build 2404404 on Fri Dec  7 01:43:56 MST 2018
# Start of session at: Thu Jan 31 09:29:50 2019
# Process ID: 10696
# Current directory: C:/vcu118_scui/scui_v1.1
# Command line: vivado.exe -mode batch -source verify_sysctrl.tcl
# Log file: C:/vcu118_scui/scui_v1.1/vivado.log
# Journal file: C:/vcu118_scui/scui_v1.1\vivado.jou
#-----------------------------------------------------------
source verify_sysctrl.tcl
# open_hw
WARNING: [Board 49-69] Validation failed for board file C:/Xilinx/Vivado/2018.3/data/boards/board_files/vcu128/1.0/board.xml:
 Polarity Parameter not provided for dummy_port_in

open_hw: Time (s): cpu = 00:00:02 ; elapsed = 00:00:08 . Memory (MB): peak = 330.602 ; gain = 83.863
# catch {disconnect_hw_server localhost:3121}
# connect_hw_server -url localhost:3121
INFO: [Labtools 27-2285] Connecting to hw_server url TCP:localhost:3121
# current_hw_target [get_hw_targets */xilinx_tcf/Xilinx/*]
# set_property PARAM.FREQUENCY 6000000 [get_hw_targets */xilinx_tcf/Xilinx/*]
# open_hw_target
INFO: [Labtoolstcl 44-466] Opening hw_target localhost:3121/xilinx_tcf/Xilinx/00000acb466501
# current_hw_device [get_hw_devices xc7z010_1]
# refresh_hw_device -update_hw_probes false [lindex [get_hw_devices xc7z010_1] 0]
INFO: [Labtools 27-1435] Device xc7z010 (JTAG device index = 1) is not programmed (DONE status = 0).
# create_hw_cfgmem -hw_device [lindex [get_hw_devices xc7z010_1] 0] [lindex [get_cfgmem_parts {mt25qu128-qspi-x4-single}] 0]
# set_property PROGRAM.BLANK_CHECK  0 [ get_property PROGRAM.HW_CFGMEM [lindex [get_hw_devices xc7z010_1] 0]]
# set_property PROGRAM.ERASE  1 [ get_property PROGRAM.HW_CFGMEM [lindex [get_hw_devices xc7z010_1] 0]]
# set_property PROGRAM.CFG_PROGRAM  1 [ get_property PROGRAM.HW_CFGMEM [lindex [get_hw_devices xc7z010_1] 0]]
# set_property PROGRAM.VERIFY  1 [ get_property PROGRAM.HW_CFGMEM [lindex [get_hw_devices xc7z010_1] 0]]
# set_property PROGRAM.CHECKSUM  0 [ get_property PROGRAM.HW_CFGMEM [lindex [get_hw_devices xc7z010_1] 0]]
# refresh_hw_device [lindex [get_hw_devices xc7z010_1] 0]
INFO: [Labtools 27-1435] Device xc7z010 (JTAG device index = 1) is not programmed (DONE status = 0).
# set_property PROGRAM.ADDRESS_RANGE  {entire_device} [ get_property PROGRAM.HW_CFGMEM [lindex [get_hw_devices xc7z010_1] 0]]
# set_property PROGRAM.FILES [list "BOOT_v1.00.bin" ] [ get_property PROGRAM.HW_CFGMEM [lindex [get_hw_devices xc7z010_1] 0]]
# set_property PROGRAM.ZYNQ_FSBL [list zynq_fsbl.elf] [ get_property PROGRAM.HW_CFGMEM [lindex [get_hw_devices xc7z010_1] 0]]
# set_property PROGRAM.BLANK_CHECK  0 [ get_property PROGRAM.HW_CFGMEM [lindex [get_hw_devices xc7z010_1] 0]]
# set_property PROGRAM.ERASE  0 [ get_property PROGRAM.HW_CFGMEM [lindex [get_hw_devices xc7z010_1] 0]]
# set_property PROGRAM.CFG_PROGRAM  0 [ get_property PROGRAM.HW_CFGMEM [lindex [get_hw_devices xc7z010_1] 0]]
# set_property PROGRAM.VERIFY  1 [ get_property PROGRAM.HW_CFGMEM [lindex [get_hw_devices xc7z010_1] 0]]
# set_property PROGRAM.CHECKSUM  0 [ get_property PROGRAM.HW_CFGMEM [lindex [get_hw_devices xc7z010_1] 0]]
# program_hw_cfgmem -hw_cfgmem [ get_property PROGRAM.HW_CFGMEM [lindex [get_hw_devices xc7z010_1] 0]]
INFO: [Xicom 50-104] The verify operation will only be performed on the address range specified by the Memory Configuration File (MCS).
f probe 0 0 0
Performing Verify Operation...
INFO: [Xicom 50-44] Elapsed time = 171 sec.
Verify Operation successful.
INFO: [Labtoolstcl 44-377] Flash programming completed successfully
program_hw_cfgmem: Time (s): cpu = 00:00:01 ; elapsed = 00:02:58 . Memory (MB): peak = 1279.094 ; gain = 7.398
ERROR: [Labtoolstcl 44-138] Invalid option value 'localhost:3121/xilinx_tcf/Digilent/210308A5F7D3 localhost:3121/xilinx_tcf/Xilinx/00000acb466501' specified for 'hw_target'.
INFO: [Common 17-206] Exiting Vivado at Thu Jan 31 09:33:17 2019...
