#-----------------------------------------------------------
# Webtalk v2019.1 (64-bit)
# SW Build 2552052 on Fri May 24 14:49:42 MDT 2019
# 
# Start of session at: Mon Mar  1 16:14:09 2021
# Process ID: 6068
# Current directory: F:/SuperMario/fpga/sp_rd_sys/sp_rd_sys.sdk/webtalk
# Command line: wbtcv.exe -mode batch -source sdk_webtalk.tcl
# Log file: F:/SuperMario/fpga/sp_rd_sys/sp_rd_sys.sdk/webtalk/webtalk.log
# Journal file: F:/SuperMario/fpga/sp_rd_sys/sp_rd_sys.sdk/webtalk\webtalk.jou
#-----------------------------------------------------------
source sdk_webtalk.tcl
# webtalk_init -webtalk_dir F:\\SuperMario\\fpga\\sp_rd_sys\\sp_rd_sys.sdk\\webtalk
# webtalk_register_client -client project
# webtalk_add_data -client project -key date_generated -value "2021-03-01 16:14:08" -context "software_version_and_target_device"
# webtalk_add_data -client project -key product_version -value "SDK v2019.1" -context "software_version_and_target_device"
# webtalk_add_data -client project -key build_version -value "2019.1" -context "software_version_and_target_device"
# webtalk_add_data -client project -key os_platform -value "amd64" -context "software_version_and_target_device"
# webtalk_add_data -client project -key registration_id -value "" -context "software_version_and_target_device"
# webtalk_add_data -client project -key tool_flow -value "SDK" -context "software_version_and_target_device"
# webtalk_add_data -client project -key beta -value "false" -context "software_version_and_target_device"
# webtalk_add_data -client project -key route_design -value "NA" -context "software_version_and_target_device"
# webtalk_add_data -client project -key target_family -value "NA" -context "software_version_and_target_device"
# webtalk_add_data -client project -key target_device -value "NA" -context "software_version_and_target_device"
# webtalk_add_data -client project -key target_package -value "NA" -context "software_version_and_target_device"
# webtalk_add_data -client project -key target_speed -value "NA" -context "software_version_and_target_device"
# webtalk_add_data -client project -key random_id -value "qrp04vd1vgl5sldh11eupdqv1r" -context "software_version_and_target_device"
# webtalk_add_data -client project -key project_id -value "2019.1_6" -context "software_version_and_target_device"
# webtalk_add_data -client project -key project_iteration -value "6" -context "software_version_and_target_device"
# webtalk_add_data -client project -key os_name -value "Microsoft Windows 8 or later , 64-bit" -context "user_environment"
# webtalk_add_data -client project -key os_release -value "major release  (build 9200)" -context "user_environment"
# webtalk_add_data -client project -key cpu_name -value "AMD Ryzen 9 5950X 16-Core Processor            " -context "user_environment"
# webtalk_add_data -client project -key cpu_speed -value "3394 MHz" -context "user_environment"
# webtalk_add_data -client project -key total_processors -value "1" -context "user_environment"
# webtalk_add_data -client project -key system_ram -value "68.629 GB" -context "user_environment"
# webtalk_register_client -client sdk
# webtalk_add_data -client sdk -key uid -value "1614615239891" -context "sdk\\\\hardware/1614615239891"
# webtalk_add_data -client sdk -key isZynq -value "false" -context "sdk\\\\hardware/1614615239891"
# webtalk_add_data -client sdk -key isZynqMP -value "false" -context "sdk\\\\hardware/1614615239891"
# webtalk_add_data -client sdk -key Processors -value "1" -context "sdk\\\\hardware/1614615239891"
# webtalk_add_data -client sdk -key VivadoVersion -value "2019.1" -context "sdk\\\\hardware/1614615239891"
# webtalk_add_data -client sdk -key Arch -value "virtexuplus" -context "sdk\\\\hardware/1614615239891"
# webtalk_add_data -client sdk -key Device -value "xcvu9p" -context "sdk\\\\hardware/1614615239891"
# webtalk_add_data -client sdk -key IsHandoff -value "true" -context "sdk\\\\hardware/1614615239891"
# webtalk_add_data -client sdk -key os -value "NA" -context "sdk\\\\hardware/1614615239891"
# webtalk_add_data -client sdk -key apptemplate -value "NA" -context "sdk\\\\hardware/1614615239891"
# webtalk_add_data -client sdk -key RecordType -value "HWCreation" -context "sdk\\\\hardware/1614615239891"
# webtalk_add_data -client sdk -key uid -value "NA" -context "sdk\\\\bsp/1614615248844"
# webtalk_add_data -client sdk -key RecordType -value "ToolUsage" -context "sdk\\\\bsp/1614615248844"
# webtalk_add_data -client sdk -key BootgenCount -value "0" -context "sdk\\\\bsp/1614615248844"
# webtalk_add_data -client sdk -key DebugCount -value "0" -context "sdk\\\\bsp/1614615248844"
# webtalk_add_data -client sdk -key PerfCount -value "0" -context "sdk\\\\bsp/1614615248844"
# webtalk_add_data -client sdk -key FlashCount -value "0" -context "sdk\\\\bsp/1614615248844"
# webtalk_add_data -client sdk -key CrossTriggCount -value "0" -context "sdk\\\\bsp/1614615248844"
# webtalk_add_data -client sdk -key QemuDebugCount -value "0" -context "sdk\\\\bsp/1614615248844"
# webtalk_transmit -clientid 1643445258 -regid "" -xml F:\\SuperMario\\fpga\\sp_rd_sys\\sp_rd_sys.sdk\\webtalk\\usage_statistics_ext_sdk.xml -html F:\\SuperMario\\fpga\\sp_rd_sys\\sp_rd_sys.sdk\\webtalk\\usage_statistics_ext_sdk.html -wdm F:\\SuperMario\\fpga\\sp_rd_sys\\sp_rd_sys.sdk\\webtalk\\sdk_webtalk.wdm -intro "<H3>SDK Usage Report</H3><BR>"
# webtalk_terminate
INFO: [Common 17-206] Exiting Webtalk at Mon Mar  1 16:14:10 2021...
